<?xml version="1.0" encoding="UTF-8"?>
<!-- Generated by org.testng.reporters.JUnitXMLReporter -->
<testsuite hostname="LAPTOP-CLIP7DDS" ignored="6" name="Default test" tests="3" failures="0" timestamp="2021-04-18T15:29:22 IST" time="27.414" errors="0">
  <testcase name="Engineer" time="5.006" classname="Grootan.Junierengineer"/>
  <testcase name="headers" time="20.542" classname="Grootan.Grootancode"/>
  <testcase name="comparison" time="1.827" classname="Grootan.Imagecompare"/>
  <testcase name="@AfterSuite closebrowser" time="0.0" classname="Grootan.Browser">
    <ignored/>
  </testcase> <!-- @AfterSuite closebrowser -->
  <testcase name="@AfterSuite closebrowser" time="0.0" classname="Grootan.Browser">
    <ignored/>
  </testcase> <!-- @AfterSuite closebrowser -->
  <testcase name="@AfterSuite closebrowser" time="0.0" classname="Grootan.Browser">
    <ignored/>
  </testcase> <!-- @AfterSuite closebrowser -->
  <testcase name="@BeforeSuite browser" time="0.0" classname="Grootan.Browser">
    <ignored/>
  </testcase> <!-- @BeforeSuite browser -->
  <testcase name="@BeforeSuite browser" time="0.0" classname="Grootan.Browser">
    <ignored/>
  </testcase> <!-- @BeforeSuite browser -->
  <testcase name="@BeforeSuite browser" time="0.0" classname="Grootan.Browser">
    <ignored/>
  </testcase> <!-- @BeforeSuite browser -->
</testsuite> <!-- Default test -->
