<?xml version="1.0" encoding="UTF-8"?>
<!-- Generated by org.testng.reporters.JUnitXMLReporter -->
<testsuite hostname="LAPTOP-CLIP7DDS" ignored="4" name="Test" tests="3" failures="0" timestamp="2021-04-18T15:52:04 IST" time="11.388" errors="0">
  <testcase name="Engineer" time="0.886" classname="Grootan.Junierengineer"/>
  <testcase name="comparison" time="0.876" classname="Grootan.Imagecompare"/>
  <testcase name="headers" time="9.594" classname="Grootan.Grootancode"/>
  <testcase name="@AfterSuite closebrowser" time="0.0" classname="Grootan.Browser">
    <ignored/>
  </testcase> <!-- @AfterSuite closebrowser -->
  <testcase name="@AfterSuite closebrowser" time="0.0" classname="Grootan.Browser">
    <ignored/>
  </testcase> <!-- @AfterSuite closebrowser -->
  <testcase name="@BeforeSuite browser" time="0.0" classname="Grootan.Browser">
    <ignored/>
  </testcase> <!-- @BeforeSuite browser -->
  <testcase name="@BeforeSuite browser" time="0.0" classname="Grootan.Browser">
    <ignored/>
  </testcase> <!-- @BeforeSuite browser -->
</testsuite> <!-- Test -->
