<?xml version="1.0" encoding="UTF-8"?>
<testng-results skipped="0" failed="0" ignored="6" total="9" passed="3">
  <reporter-output>
  </reporter-output>
  <suite name="Default suite" duration-ms="27414" started-at="2021-04-18T15:28:55 IST" finished-at="2021-04-18T15:29:22 IST">
    <groups>
    </groups>
    <test name="Default test" duration-ms="27414" started-at="2021-04-18T15:28:55 IST" finished-at="2021-04-18T15:29:22 IST">
      <class name="Grootan.Imagecompare">
        <test-method status="PASS" signature="comparison()[pri:0, instance:Grootan.Imagecompare@3043fe0e]" name="comparison" duration-ms="1827" started-at="2021-04-18T15:29:20 IST" finished-at="2021-04-18T15:29:22 IST">
          <reporter-output>
          </reporter-output>
        </test-method> <!-- comparison -->
      </class> <!-- Grootan.Imagecompare -->
      <class name="Grootan.Junierengineer">
        <test-method status="PASS" signature="browser()[pri:0, instance:Grootan.Junierengineer@17d677df]" name="browser" is-config="true" duration-ms="5216" started-at="2021-04-18T15:28:50 IST" finished-at="2021-04-18T15:28:55 IST">
          <reporter-output>
          </reporter-output>
        </test-method> <!-- browser -->
        <test-method status="PASS" signature="Engineer()[pri:0, instance:Grootan.Junierengineer@17d677df]" name="Engineer" duration-ms="5006" started-at="2021-04-18T15:28:55 IST" finished-at="2021-04-18T15:29:00 IST">
          <reporter-output>
          </reporter-output>
        </test-method> <!-- Engineer -->
        <test-method status="PASS" signature="closebrowser()[pri:0, instance:Grootan.Junierengineer@17d677df]" name="closebrowser" is-config="true" duration-ms="350" started-at="2021-04-18T15:29:22 IST" finished-at="2021-04-18T15:29:23 IST">
          <reporter-output>
          </reporter-output>
        </test-method> <!-- closebrowser -->
      </class> <!-- Grootan.Junierengineer -->
      <class name="Grootan.Grootancode">
        <test-method status="PASS" signature="headers()[pri:0, instance:Grootan.Grootancode@78e67e0a]" name="headers" duration-ms="20542" started-at="2021-04-18T15:29:00 IST" finished-at="2021-04-18T15:29:20 IST">
          <reporter-output>
          </reporter-output>
        </test-method> <!-- headers -->
      </class> <!-- Grootan.Grootancode -->
    </test> <!-- Default test -->
  </suite> <!-- Default suite -->
</testng-results>
